<?xml version="1.0" encoding="UTF-8"?>
<!-- Generated by org.testng.reporters.JUnitReportReporter -->
<testsuite hostname="Admin" failures="0" tests="1" name="doAn.Register" time="10.789" errors="0" timestamp="2022-05-21T10:02:34 ICT" skipped="0">
  <testcase classname="doAn.Register" name="TC_04_Register_Successfully" time="10.789"/>
  <system-out/>
</testsuite> <!-- doAn.Register -->
