<?xml version="1.0" encoding="UTF-8"?>
<!-- Generated by org.testng.reporters.JUnitReportReporter -->
<testsuite hostname="Admin" failures="0" tests="1" name="doAn.Loginn" time="16.453" errors="0" timestamp="2022-05-12T23:22:17 ICT" skipped="0">
  <testcase classname="doAn.Loginn" name="TC_02_Login_Empty_Email_Password" time="16.453"/>
  <system-out/>
</testsuite> <!-- doAn.Loginn -->
