<?xml version="1.0" encoding="UTF-8"?>
<!-- Generated by org.testng.reporters.JUnitReportReporter -->
<testsuite hostname="Admin" failures="0" tests="1" name="doAn.phuong" time="4.978" errors="0" timestamp="2022-05-12T12:21:54 ICT" skipped="0">
  <testcase classname="doAn.phuong" name="EmptyForm" time="4.978"/>
  <system-out/>
</testsuite> <!-- doAn.phuong -->
