<?xml version="1.0" encoding="UTF-8"?>
<!-- Generated by org.testng.reporters.JUnitReportReporter -->
<testsuite hostname="Admin" failures="0" tests="1" name="doAn.Login" time="2.137" errors="0" timestamp="2022-05-21T08:03:01 ICT" skipped="0">
  <testcase classname="doAn.Login" name="TC_01_Login_Empty_Email_Password" time="2.137"/>
  <system-out/>
</testsuite> <!-- doAn.Login -->
