<?xml version="1.0" encoding="UTF-8"?>
<!-- Generated by org.testng.reporters.JUnitReportReporter -->
<testsuite hostname="Admin" failures="0" tests="1" name="doAn.Cart" time="13.875" errors="0" timestamp="2022-05-21T11:28:45 ICT" skipped="0">
  <testcase classname="doAn.Cart" name="TC_08_AddToCart_InputQuantity_Character" time="13.875"/>
  <system-out/>
</testsuite> <!-- doAn.Cart -->
