<?xml version="1.0" encoding="UTF-8"?>
<!-- Generated by org.testng.reporters.JUnitReportReporter -->
<testsuite hostname="Admin" failures="0" tests="1" name="doAn.Search" time="5.168" errors="0" timestamp="2022-05-03T22:44:15 ICT" skipped="0">
  <testcase classname="doAn.Search" name="TC_01_SearchInData" time="5.168"/>
</testsuite> <!-- doAn.Search -->
