<?xml version="1.0" encoding="UTF-8"?>
<!-- Generated by org.testng.reporters.JUnitReportReporter -->
<testsuite hostname="Admin" failures="0" tests="1" name="doAn.Checkout_When_Out_Of_Stock" time="13.316" errors="0" timestamp="2022-05-21T16:09:48 ICT" skipped="0">
  <testcase classname="doAn.Checkout_When_Out_Of_Stock" name="TC_01_Checkout_When_Out_Of_Stock" time="13.316"/>
  <system-out/>
</testsuite> <!-- doAn.Checkout_When_Out_Of_Stock -->
